packages/native-plugins/websiteblocker/android/build/intermediates/manifest_merge_blame_file/debug/processDebugManifest/manifest-merger-blame-debug-report.txt
1<?xml version="1.0" encoding="utf-8"?>
2<manifest xmlns:android="http://schemas.android.com/apk/res/android"
3    package="ai.milaidy.plugins.websiteblocker" >
4
5    <uses-sdk android:minSdkVersion="26" />
6
7    <uses-permission android:name="android.permission.FOREGROUND_SERVICE" />
7-->src/main/AndroidManifest.xml:3:5-77
7-->src/main/AndroidManifest.xml:3:22-74
8    <uses-permission android:name="android.permission.FOREGROUND_SERVICE_SPECIAL_USE" />
8-->src/main/AndroidManifest.xml:4:5-89
8-->src/main/AndroidManifest.xml:4:22-86
9    <uses-permission android:name="android.permission.POST_NOTIFICATIONS" />
9-->src/main/AndroidManifest.xml:5:5-77
9-->src/main/AndroidManifest.xml:5:22-74
10    <uses-permission android:name="android.permission.RECEIVE_BOOT_COMPLETED" />
10-->src/main/AndroidManifest.xml:6:5-81
10-->src/main/AndroidManifest.xml:6:22-78
11
12    <application>
12-->src/main/AndroidManifest.xml:8:5-34:19
13        <service
13-->src/main/AndroidManifest.xml:9:9-22:19
14            android:name="ai.milaidy.plugins.websiteblocker.WebsiteBlockerVpnService"
14-->src/main/AndroidManifest.xml:10:13-53
15            android:enabled="true"
15-->src/main/AndroidManifest.xml:11:13-35
16            android:exported="false"
16-->src/main/AndroidManifest.xml:12:13-37
17            android:foregroundServiceType="specialUse"
17-->src/main/AndroidManifest.xml:13:13-55
18            android:permission="android.permission.BIND_VPN_SERVICE" >
18-->src/main/AndroidManifest.xml:14:13-69
19            <intent-filter>
19-->src/main/AndroidManifest.xml:15:13-17:29
20                <action android:name="android.net.VpnService" />
20-->src/main/AndroidManifest.xml:16:17-65
20-->src/main/AndroidManifest.xml:16:25-62
21            </intent-filter>
22
23            <property
23-->src/main/AndroidManifest.xml:19:13-21:56
24                android:name="android.app.PROPERTY_SPECIAL_USE_FGS_SUBTYPE"
24-->src/main/AndroidManifest.xml:20:17-76
25                android:value="website_blocking_vpn" />
25-->src/main/AndroidManifest.xml:21:17-53
26        </service>
27
28        <receiver
28-->src/main/AndroidManifest.xml:24:9-33:20
29            android:name="ai.milaidy.plugins.websiteblocker.WebsiteBlockerBootReceiver"
29-->src/main/AndroidManifest.xml:25:13-55
30            android:enabled="true"
30-->src/main/AndroidManifest.xml:26:13-35
31            android:exported="false" >
31-->src/main/AndroidManifest.xml:27:13-37
32            <intent-filter>
32-->src/main/AndroidManifest.xml:28:13-32:29
33                <action android:name="android.intent.action.BOOT_COMPLETED" />
33-->src/main/AndroidManifest.xml:29:17-79
33-->src/main/AndroidManifest.xml:29:25-76
34                <action android:name="android.intent.action.LOCKED_BOOT_COMPLETED" />
34-->src/main/AndroidManifest.xml:30:17-86
34-->src/main/AndroidManifest.xml:30:25-83
35                <action android:name="android.intent.action.MY_PACKAGE_REPLACED" />
35-->src/main/AndroidManifest.xml:31:17-84
35-->src/main/AndroidManifest.xml:31:25-81
36            </intent-filter>
37        </receiver>
38    </application>
39
40</manifest>